<?xml version="1.0" encoding="UTF-8"?>
<!-- Generated by org.testng.reporters.JUnitReportReporter -->
<testsuite hostname="DESKTOP-R84UK0D" name="test.NewTest" tests="2" failures="0" timestamp="20 Dec 2019 05:45:08 GMT" time="10.039" errors="0">
  <testcase name="loginTest" time="3.431" classname="test.NewTest"/>
  <testcase name="sendmailTest" time="6.608" classname="test.NewTest"/>
</testsuite> <!-- test.NewTest -->
